Performing C SOURCE FILE Test CMAKE_HAVE_LIBC_PTHREAD failed with the following output:
Change Dir: /wangjiadong/opencltest/build/CMakeFiles/CMakeTmp

Run Build Command(s):/usr/bin/make -f Makefile cmTC_7390b/fast && /usr/bin/make  -f CMakeFiles/cmTC_7390b.dir/build.make CMakeFiles/cmTC_7390b.dir/build
make[1]: Entering directory '/wangjiadong/opencltest/build/CMakeFiles/CMakeTmp'
Building C object CMakeFiles/cmTC_7390b.dir/src.c.o
/usr/bin/cc -DCMAKE_HAVE_LIBC_PTHREAD  -fPIC  -o CMakeFiles/cmTC_7390b.dir/src.c.o -c /wangjiadong/opencltest/build/CMakeFiles/CMakeTmp/src.c
Linking C executable cmTC_7390b
/usr/local/bin/cmake -E cmake_link_script CMakeFiles/cmTC_7390b.dir/link.txt --verbose=1
/usr/bin/cc -fPIC  -rdynamic CMakeFiles/cmTC_7390b.dir/src.c.o -o cmTC_7390b 
CMakeFiles/cmTC_7390b.dir/src.c.o: In function `main':
src.c:(.text+0x3e): undefined reference to `pthread_create'
src.c:(.text+0x4a): undefined reference to `pthread_detach'
src.c:(.text+0x56): undefined reference to `pthread_cancel'
src.c:(.text+0x67): undefined reference to `pthread_join'
src.c:(.text+0x7b): undefined reference to `pthread_atfork'
collect2: error: ld returned 1 exit status
CMakeFiles/cmTC_7390b.dir/build.make:98: recipe for target 'cmTC_7390b' failed
make[1]: *** [cmTC_7390b] Error 1
make[1]: Leaving directory '/wangjiadong/opencltest/build/CMakeFiles/CMakeTmp'
Makefile:127: recipe for target 'cmTC_7390b/fast' failed
make: *** [cmTC_7390b/fast] Error 2


Source file was:
#include <pthread.h>

static void* test_func(void* data)
{
  return data;
}

int main(void)
{
  pthread_t thread;
  pthread_create(&thread, NULL, test_func, NULL);
  pthread_detach(thread);
  pthread_cancel(thread);
  pthread_join(thread, NULL);
  pthread_atfork(NULL, NULL, NULL);
  pthread_exit(NULL);

  return 0;
}

Determining if the function pthread_create exists in the pthreads failed with the following output:
Change Dir: /wangjiadong/opencltest/build/CMakeFiles/CMakeTmp

Run Build Command(s):/usr/bin/make -f Makefile cmTC_0669c/fast && /usr/bin/make  -f CMakeFiles/cmTC_0669c.dir/build.make CMakeFiles/cmTC_0669c.dir/build
make[1]: Entering directory '/wangjiadong/opencltest/build/CMakeFiles/CMakeTmp'
Building C object CMakeFiles/cmTC_0669c.dir/CheckFunctionExists.c.o
/usr/bin/cc   -fPIC -DCHECK_FUNCTION_EXISTS=pthread_create -o CMakeFiles/cmTC_0669c.dir/CheckFunctionExists.c.o -c /usr/local/share/cmake-3.20/Modules/CheckFunctionExists.c
Linking C executable cmTC_0669c
/usr/local/bin/cmake -E cmake_link_script CMakeFiles/cmTC_0669c.dir/link.txt --verbose=1
/usr/bin/cc -fPIC -DCHECK_FUNCTION_EXISTS=pthread_create -rdynamic CMakeFiles/cmTC_0669c.dir/CheckFunctionExists.c.o -o cmTC_0669c  -lpthreads 
/usr/bin/ld: cannot find -lpthreads
collect2: error: ld returned 1 exit status
CMakeFiles/cmTC_0669c.dir/build.make:98: recipe for target 'cmTC_0669c' failed
make[1]: *** [cmTC_0669c] Error 1
make[1]: Leaving directory '/wangjiadong/opencltest/build/CMakeFiles/CMakeTmp'
Makefile:127: recipe for target 'cmTC_0669c/fast' failed
make: *** [cmTC_0669c/fast] Error 2



